[ 2018-08-22T16:47:18+08:00 ] ::1 /mall/index.php
INFO: [ app_begin ] --START--
INFO: Run Behavior\ReadHtmlCache [ RunTime:0.001150s ]
INFO: [ app_begin ] --END-- [ RunTime:0.001939s ]
INFO: [ view_parse ] --START--
INFO: [ template_filter ] --START--
INFO: Run Behavior\ContentReplace [ RunTime:0.000101s ]
INFO: [ template_filter ] --END-- [ RunTime:0.000396s ]
INFO: Run Behavior\ParseTemplate [ RunTime:0.010649s ]
INFO: [ view_parse ] --END-- [ RunTime:0.011087s ]
INFO: [ view_filter ] --START--
INFO: Run Behavior\WriteHtmlCache [ RunTime:0.000536s ]
INFO: [ view_filter ] --END-- [ RunTime:0.000847s ]
INFO: [ app_end ] --START--
INFO: Run Behavior\ShowPageTrace [ RunTime:0.000987s ]
INFO: [ app_end ] --END-- [ RunTime:0.001282s ]

[ 2018-08-22T16:52:05+08:00 ] ::1 /mall/index.php
INFO: [ app_begin ] --START--
INFO: Run Behavior\ReadHtmlCache [ RunTime:0.001060s ]
INFO: [ app_begin ] --END-- [ RunTime:0.003088s ]
INFO: [ view_parse ] --START--
NOTIC: [2] ucfirst() expects parameter 1 to be string, array given /Applications/MAMP/htdocs/mall/ThinkPHP/Library/Think/Storage.class.php 第 36 行.
INFO: Run Behavior\ParseTemplate [ RunTime:0.002135s ]
INFO: [ view_parse ] --END-- [ RunTime:0.002642s ]
INFO: [ view_filter ] --START--
INFO: Run Behavior\WriteHtmlCache [ RunTime:0.000751s ]
INFO: [ view_filter ] --END-- [ RunTime:0.001100s ]
INFO: [ app_end ] --START--
INFO: Run Behavior\ShowPageTrace [ RunTime:0.000919s ]
INFO: [ app_end ] --END-- [ RunTime:0.001237s ]

[ 2018-08-22T17:02:58+08:00 ] ::1 /mall/index.php
INFO: [ app_begin ] --START--
INFO: Run Behavior\ReadHtmlCache [ RunTime:0.001151s ]
INFO: [ app_begin ] --END-- [ RunTime:0.001946s ]
INFO: [ view_parse ] --START--
NOTIC: [2] ucfirst() expects parameter 1 to be string, array given /Applications/MAMP/htdocs/mall/ThinkPHP/Library/Think/Storage.class.php 第 36 行.
INFO: Run Behavior\ParseTemplate [ RunTime:0.000617s ]
INFO: [ view_parse ] --END-- [ RunTime:0.000751s ]
INFO: [ view_filter ] --START--
INFO: Run Behavior\WriteHtmlCache [ RunTime:0.000379s ]
INFO: [ view_filter ] --END-- [ RunTime:0.000521s ]
INFO: [ app_end ] --START--
INFO: Run Behavior\ShowPageTrace [ RunTime:0.000831s ]
INFO: [ app_end ] --END-- [ RunTime:0.000947s ]

[ 2018-08-22T17:03:04+08:00 ] ::1 /mall/index.php
INFO: [ app_begin ] --START--
INFO: Run Behavior\ReadHtmlCache [ RunTime:0.000455s ]
INFO: [ app_begin ] --END-- [ RunTime:0.000892s ]
INFO: [ view_parse ] --START--
NOTIC: [2] ucfirst() expects parameter 1 to be string, array given /Applications/MAMP/htdocs/mall/ThinkPHP/Library/Think/Storage.class.php 第 36 行.
INFO: Run Behavior\ParseTemplate [ RunTime:0.000509s ]
INFO: [ view_parse ] --END-- [ RunTime:0.000733s ]
INFO: [ view_filter ] --START--
INFO: Run Behavior\WriteHtmlCache [ RunTime:0.000298s ]
INFO: [ view_filter ] --END-- [ RunTime:0.000461s ]
INFO: [ app_end ] --START--
INFO: Run Behavior\ShowPageTrace [ RunTime:0.000892s ]
INFO: [ app_end ] --END-- [ RunTime:0.001079s ]

[ 2018-08-22T17:06:10+08:00 ] ::1 /mall/index.php
INFO: [ app_begin ] --START--
INFO: Run Behavior\ReadHtmlCache [ RunTime:0.000924s ]
INFO: [ app_begin ] --END-- [ RunTime:0.002141s ]
INFO: [ view_parse ] --START--
NOTIC: [2] ucfirst() expects parameter 1 to be string, array given /Applications/MAMP/htdocs/mall/ThinkPHP/Library/Think/Storage.class.php 第 36 行.
INFO: Run Behavior\ParseTemplate [ RunTime:0.000578s ]
INFO: [ view_parse ] --END-- [ RunTime:0.000705s ]
INFO: [ view_filter ] --START--
INFO: Run Behavior\WriteHtmlCache [ RunTime:0.000358s ]
INFO: [ view_filter ] --END-- [ RunTime:0.000469s ]
INFO: [ app_end ] --START--
INFO: Run Behavior\ShowPageTrace [ RunTime:0.000733s ]
INFO: [ app_end ] --END-- [ RunTime:0.000837s ]

[ 2018-08-22T17:07:37+08:00 ] ::1 /mall/index.php?XDEBUG_SESSION_START=19076
INFO: [ app_begin ] --START--
INFO: Run Behavior\ReadHtmlCache [ RunTime:0.001282s ]
INFO: [ app_begin ] --END-- [ RunTime:0.002172s ]
INFO: [ view_parse ] --START--
NOTIC: [2] ucfirst() expects parameter 1 to be string, array given /Applications/MAMP/htdocs/mall/ThinkPHP/Library/Think/Storage.class.php 第 36 行.
INFO: Run Behavior\ParseTemplate [ RunTime:0.000595s ]
INFO: [ view_parse ] --END-- [ RunTime:0.000868s ]
INFO: [ view_filter ] --START--
INFO: Run Behavior\WriteHtmlCache [ RunTime:0.000210s ]
INFO: [ view_filter ] --END-- [ RunTime:0.000468s ]
INFO: [ app_end ] --START--
INFO: Run Behavior\ShowPageTrace [ RunTime:0.000571s ]
INFO: [ app_end ] --END-- [ RunTime:0.000848s ]

